@!@!@STARTMSG 2262:0 @!@!@
TLC2 Version 2.15 of Day Month 20?? (rev: eb3ff99)
@!@!@ENDMSG 2262 @!@!@
@!@!@STARTMSG 2187:0 @!@!@
Running breadth-first search Model-Checking with fp 101 and seed -8162984900691696241 with 4 workers on 8 cores with 1179MB heap and 2650MB offheap memory [pid: 8209] (Linux 5.9.1-arch1-1 amd64, AdoptOpenJDK 14.0.1 x86_64, OffHeapDiskFPSet, DiskStateQueue).
@!@!@ENDMSG 2187 @!@!@
@!@!@STARTMSG 2220:0 @!@!@
Starting SANY...
@!@!@ENDMSG 2220 @!@!@
Parsing file /home/luis/uni/4ano/mfes/EM/TLA/e1.toolbox/Model_1/MC.tla
Parsing file /home/luis/uni/4ano/mfes/EM/TLA/e1.toolbox/Model_1/e1.tla
Parsing file /home/luis/Downloads/toolbox/plugins/org.lamport.tlatools_1.0.0.202004251858/tla2sany/StandardModules/TLC.tla
Parsing file /home/luis/Downloads/toolbox/plugins/org.lamport.tlatools_1.0.0.202004251858/tla2sany/StandardModules/Naturals.tla
Parsing file /home/luis/Downloads/toolbox/plugins/org.lamport.tlatools_1.0.0.202004251858/tla2sany/StandardModules/Sequences.tla
Parsing file /home/luis/Downloads/toolbox/plugins/org.lamport.tlatools_1.0.0.202004251858/tla2sany/StandardModules/FiniteSets.tla
Semantic processing of module e1
Semantic processing of module Naturals
Semantic processing of module Sequences
Semantic processing of module FiniteSets
Semantic processing of module TLC
Semantic processing of module MC
@!@!@STARTMSG 2219:0 @!@!@
SANY finished.
@!@!@ENDMSG 2219 @!@!@
@!@!@STARTMSG 2185:0 @!@!@
Starting... (2020-12-17 10:20:08)
@!@!@ENDMSG 2185 @!@!@
@!@!@STARTMSG 2189:0 @!@!@
Computing initial states...
@!@!@ENDMSG 2189 @!@!@
@!@!@STARTMSG 2190:0 @!@!@
Finished computing initial states: 1 distinct state generated at 2020-12-17 10:20:09.
@!@!@ENDMSG 2190 @!@!@
@!@!@STARTMSG 2114:1 @!@!@
Deadlock reached.
@!@!@ENDMSG 2114 @!@!@
@!@!@STARTMSG 2121:1 @!@!@
The behavior up to this point is:
@!@!@ENDMSG 2121 @!@!@
@!@!@STARTMSG 2217:4 @!@!@
1: <Initial predicate>
/\ Prepared = {}
/\ Committed = {}
/\ Aborted = {}

@!@!@ENDMSG 2217 @!@!@
@!@!@STARTMSG 2217:4 @!@!@
2: <Abort line 20, col 5 to line 24, col 32 of module e1>
/\ Prepared = {}
/\ Committed = {}
/\ Aborted = {"d"}

@!@!@ENDMSG 2217 @!@!@
@!@!@STARTMSG 2217:4 @!@!@
3: <Abort line 20, col 5 to line 24, col 32 of module e1>
/\ Prepared = {}
/\ Committed = {}
/\ Aborted = {"d", "a"}

@!@!@ENDMSG 2217 @!@!@
@!@!@STARTMSG 2217:4 @!@!@
4: <Abort line 20, col 5 to line 24, col 32 of module e1>
/\ Prepared = {}
/\ Committed = {}
/\ Aborted = {"d", "a", "b"}

@!@!@ENDMSG 2217 @!@!@
@!@!@STARTMSG 2217:4 @!@!@
5: <Abort line 20, col 5 to line 24, col 32 of module e1>
/\ Prepared = {}
/\ Committed = {}
/\ Aborted = {"d", "a", "b", "c"}

@!@!@ENDMSG 2217 @!@!@
@!@!@STARTMSG 2201:0 @!@!@
The coverage statistics at 2020-12-17 10:20:09
@!@!@ENDMSG 2201 @!@!@
@!@!@STARTMSG 2773:0 @!@!@
<Init line 9, col 1 to line 9, col 4 of module e1>: 2:2
@!@!@ENDMSG 2773 @!@!@
@!@!@STARTMSG 2221:0 @!@!@
  line 9, col 9 to line 9, col 55 of module e1: 2
@!@!@ENDMSG 2221 @!@!@
@!@!@STARTMSG 2772:0 @!@!@
<Finish line 11, col 1 to line 11, col 9 of module e1>: 80:221
@!@!@ENDMSG 2772 @!@!@
@!@!@STARTMSG 2221:0 @!@!@
  line 12, col 8 to line 12, col 24 of module e1: 831
@!@!@ENDMSG 2221 @!@!@
@!@!@STARTMSG 2221:0 @!@!@
  |line 12, col 8 to line 12, col 8 of module e1: 610
@!@!@ENDMSG 2221 @!@!@
@!@!@STARTMSG 2221:0 @!@!@
  |line 12, col 17 to line 12, col 24 of module e1: 610
@!@!@ENDMSG 2221 @!@!@
@!@!@STARTMSG 2221:0 @!@!@
  line 13, col 8 to line 13, col 23 of module e1: 604
@!@!@ENDMSG 2221 @!@!@
@!@!@STARTMSG 2221:0 @!@!@
  |line 13, col 8 to line 13, col 8 of module e1: 383
@!@!@ENDMSG 2221 @!@!@
@!@!@STARTMSG 2221:0 @!@!@
  |line 13, col 17 to line 13, col 23 of module e1: 383
@!@!@ENDMSG 2221 @!@!@
@!@!@STARTMSG 2221:0 @!@!@
  line 15, col 8 to line 15, col 36 of module e1: 221
@!@!@ENDMSG 2221 @!@!@
@!@!@STARTMSG 2221:0 @!@!@
  line 16, col 8 to line 16, col 41 of module e1: 221
@!@!@ENDMSG 2221 @!@!@
@!@!@STARTMSG 2772:0 @!@!@
<Abort line 19, col 1 to line 19, col 8 of module e1>: 137:347
@!@!@ENDMSG 2772 @!@!@
@!@!@STARTMSG 2221:0 @!@!@
  line 20, col 8 to line 20, col 23 of module e1: 957
@!@!@ENDMSG 2221 @!@!@
@!@!@STARTMSG 2221:0 @!@!@
  |line 20, col 8 to line 20, col 8 of module e1: 610
@!@!@ENDMSG 2221 @!@!@
@!@!@STARTMSG 2221:0 @!@!@
  |line 20, col 17 to line 20, col 23 of module e1: 610
@!@!@ENDMSG 2221 @!@!@
@!@!@STARTMSG 2221:0 @!@!@
  line 21, col 8 to line 21, col 37 of module e1: 221
@!@!@ENDMSG 2221 @!@!@
@!@!@STARTMSG 2221:0 @!@!@
  |line 21, col 8 to line 21, col 21 of module e1: 448
@!@!@ENDMSG 2221 @!@!@
@!@!@STARTMSG 2221:0 @!@!@
  |line 21, col 26 to line 21, col 37 of module e1: 353
@!@!@ENDMSG 2221 @!@!@
@!@!@STARTMSG 2221:0 @!@!@
  ||line 21, col 26 to line 21, col 32 of module e1: 227
@!@!@ENDMSG 2221 @!@!@
@!@!@STARTMSG 2221:0 @!@!@
  ||line 21, col 36 to line 21, col 37 of module e1: 227
@!@!@ENDMSG 2221 @!@!@
@!@!@STARTMSG 2221:0 @!@!@
  line 22, col 8 to line 22, col 33 of module e1: 347
@!@!@ENDMSG 2221 @!@!@
@!@!@STARTMSG 2221:0 @!@!@
  line 23, col 8 to line 23, col 34 of module e1: 347
@!@!@ENDMSG 2221 @!@!@
@!@!@STARTMSG 2221:0 @!@!@
  line 24, col 8 to line 24, col 32 of module e1: 347
@!@!@ENDMSG 2221 @!@!@
@!@!@STARTMSG 2772:0 @!@!@
<Commit line 26, col 1 to line 26, col 9 of module e1>: 30:64
@!@!@ENDMSG 2772 @!@!@
@!@!@STARTMSG 2221:0 @!@!@
  line 27, col 8 to line 27, col 33 of module e1: 670
@!@!@ENDMSG 2221 @!@!@
@!@!@STARTMSG 2221:0 @!@!@
  |line 27, col 8 to line 27, col 8 of module e1: 606
@!@!@ENDMSG 2221 @!@!@
@!@!@STARTMSG 2221:0 @!@!@
  |line 27, col 14 to line 27, col 33 of module e1: 606
@!@!@ENDMSG 2221 @!@!@
@!@!@STARTMSG 2221:0 @!@!@
  line 28, col 8 to line 28, col 19 of module e1: 219
@!@!@ENDMSG 2221 @!@!@
@!@!@STARTMSG 2221:0 @!@!@
  |line 28, col 8 to line 28, col 14 of module e1: 155
@!@!@ENDMSG 2221 @!@!@
@!@!@STARTMSG 2221:0 @!@!@
  |line 28, col 18 to line 28, col 19 of module e1: 155
@!@!@ENDMSG 2221 @!@!@
@!@!@STARTMSG 2221:0 @!@!@
  line 29, col 8 to line 29, col 38 of module e1: 64
@!@!@ENDMSG 2221 @!@!@
@!@!@STARTMSG 2221:0 @!@!@
  line 30, col 8 to line 30, col 40 of module e1: 64
@!@!@ENDMSG 2221 @!@!@
@!@!@STARTMSG 2202:0 @!@!@
End of statistics.
@!@!@ENDMSG 2202 @!@!@
@!@!@STARTMSG 2200:0 @!@!@
Progress(7) at 2020-12-17 10:20:09: 625 states generated (32,051 s/min), 248 distinct states found (12,717 ds/min), 98 states left on queue.
@!@!@ENDMSG 2200 @!@!@
@!@!@STARTMSG 2199:0 @!@!@
625 states generated, 248 distinct states found, 98 states left on queue.
@!@!@ENDMSG 2199 @!@!@
@!@!@STARTMSG 2194:0 @!@!@
The depth of the complete state graph search is 7.
@!@!@ENDMSG 2194 @!@!@
@!@!@STARTMSG 2268:0 @!@!@
The average outdegree of the complete state graph is 2 (minimum is 0, the maximum 8 and the 95th percentile is 5).
@!@!@ENDMSG 2268 @!@!@
@!@!@STARTMSG 2186:0 @!@!@
Finished in 1177ms at (2020-12-17 10:20:09)
@!@!@ENDMSG 2186 @!@!@
